<?xml version="1.0" encoding="UTF-8"?>
<!-- Generated by org.testng.reporters.JUnitXMLReporter -->
<testsuite ignored="6" hostname="BaoNgoc" failures="5" tests="9" name="Surefire test" time="20.406" errors="0" timestamp="2025-04-25T21:38:20 GMT+07:00">
  <testcase classname="com.easytool.amazon.tests.InventoryTest" name="clickSendAllToAmazon" time="20.295">
    <failure type="java.lang.NullPointerException" message="Cannot invoke &amp;quot;com.aventstack.extentreports.ExtentTest.info(String)&amp;quot; because &amp;quot;test&amp;quot; is null">
      <![CDATA[java.lang.NullPointerException: Cannot invoke "com.aventstack.extentreports.ExtentTest.info(String)" because "test" is null
at com.easytool.amazon.tests.InventoryTest.clickSendAllToAmazon(InventoryTest.java:39)
at java.base/java.util.ArrayList.forEach(ArrayList.java:1597)
... Removed 30 stack frames]]>
    </failure>
  </testcase> <!-- clickSendAllToAmazon -->
  <testcase classname="com.easytool.amazon.tests.InventoryTest" name="verifyUIOnNoProductsFound" time="0.004">
    <failure type="java.lang.NullPointerException" message="Cannot invoke &amp;quot;com.aventstack.extentreports.ExtentTest.info(String)&amp;quot; because &amp;quot;test&amp;quot; is null">
      <![CDATA[java.lang.NullPointerException: Cannot invoke "com.aventstack.extentreports.ExtentTest.info(String)" because "test" is null
at com.easytool.amazon.tests.InventoryTest.verifyUIOnNoProductsFound(InventoryTest.java:48)
at java.base/java.util.ArrayList.forEach(ArrayList.java:1597)
... Removed 30 stack frames]]>
    </failure>
  </testcase> <!-- verifyUIOnNoProductsFound -->
  <testcase classname="com.easytool.amazon.tests.LoginTest" name="testLogin" time="0.001">
    <failure type="java.lang.NullPointerException" message="Cannot invoke &amp;quot;com.aventstack.extentreports.ExtentTest.info(String)&amp;quot; because &amp;quot;test&amp;quot; is null">
      <![CDATA[java.lang.NullPointerException: Cannot invoke "com.aventstack.extentreports.ExtentTest.info(String)" because "test" is null
at com.easytool.amazon.tests.LoginTest.testLogin(LoginTest.java:17)
at java.base/java.util.ArrayList.forEach(ArrayList.java:1597)
... Removed 30 stack frames]]>
    </failure>
  </testcase> <!-- testLogin -->
  <testcase classname="com.easytool.amazon.tests.ConnectTest" name="testOpenConnectTab" time="0.003">
    <failure type="java.lang.NullPointerException" message="Cannot invoke &amp;quot;com.aventstack.extentreports.ExtentTest.info(String)&amp;quot; because &amp;quot;test&amp;quot; is null">
      <![CDATA[java.lang.NullPointerException: Cannot invoke "com.aventstack.extentreports.ExtentTest.info(String)" because "test" is null
at com.easytool.amazon.tests.ConnectTest.testOpenConnectTab(ConnectTest.java:25)
at java.base/java.util.ArrayList.forEach(ArrayList.java:1597)
... Removed 30 stack frames]]>
    </failure>
  </testcase> <!-- testOpenConnectTab -->
  <testcase classname="com.easytool.amazon.tests.ConnectTest" name="testCheckConnection" time="0.0">
    <skipped/>
  </testcase> <!-- testCheckConnection -->
  <testcase classname="com.easytool.amazon.tests.ConnectTest" name="testAddAndAuthorizeConnection" time="0.0">
    <skipped/>
  </testcase> <!-- testAddAndAuthorizeConnection -->
  <testcase classname="com.easytool.amazon.tests.ConnectTest" name="testSaveMarketplaces" time="0.001">
    <skipped/>
  </testcase> <!-- testSaveMarketplaces -->
  <testcase classname="com.easytool.amazon.tests.ConnectTest" name="testVerifyNoConnection" time="0.0">
    <skipped/>
  </testcase> <!-- testVerifyNoConnection -->
  <testcase classname="com.easytool.amazon.tests.InventoryTest" name="testOpenInventoryTab" time="0.0">
    <failure type="java.lang.NullPointerException" message="Cannot invoke &amp;quot;com.aventstack.extentreports.ExtentTest.info(String)&amp;quot; because &amp;quot;test&amp;quot; is null">
      <![CDATA[java.lang.NullPointerException: Cannot invoke "com.aventstack.extentreports.ExtentTest.info(String)" because "test" is null
at com.easytool.amazon.tests.InventoryTest.testOpenInventoryTab(InventoryTest.java:24)
at java.base/java.util.ArrayList.forEach(ArrayList.java:1597)
... Removed 30 stack frames]]>
    </failure>
  </testcase> <!-- testOpenInventoryTab -->
  <testcase classname="com.easytool.amazon.tests.BaseTest" name="@BeforeSuite setup" time="0.0">
    <ignored/>
  </testcase> <!-- @BeforeSuite setup -->
  <testcase classname="com.easytool.amazon.tests.BaseTest" name="@AfterSuite teardown" time="0.0">
    <ignored/>
  </testcase> <!-- @AfterSuite teardown -->
  <testcase classname="com.easytool.amazon.tests.BaseTest" name="@AfterSuite teardown" time="0.0">
    <ignored/>
  </testcase> <!-- @AfterSuite teardown -->
  <testcase classname="com.easytool.amazon.tests.BaseTest" name="@AfterSuite teardown" time="0.0">
    <ignored/>
  </testcase> <!-- @AfterSuite teardown -->
  <testcase classname="com.easytool.amazon.tests.BaseTest" name="@BeforeSuite setup" time="0.0">
    <ignored/>
  </testcase> <!-- @BeforeSuite setup -->
  <testcase classname="com.easytool.amazon.tests.BaseTest" name="@BeforeSuite setup" time="0.0">
    <ignored/>
  </testcase> <!-- @BeforeSuite setup -->
</testsuite> <!-- Surefire test -->
